*****************************************************************
      SolidWorks 公司 - IGES 处理器状态报告
*****************************************************************
=================================================================
总信息
=================================================================
发送系统产品 I.D.  : PlugBottomBox.SLDPRT
接收系统产品 I.D.  : PlugBottomBox.SLDPRT
文件名称                    : D:\Project_Solidwroks\WeChatOfficialAccount\SolidworksLearning\SolidworksLearning\bin\Debug\ThirdPart\PlugBottomBox.IGS
发送系统              : SolidWorks 2020
预处理器版本         : SolidWorks 2020
文件生成日期          : 200724.230630
模型生成日期         : 200724.230630
单位                        : MM
模型空间比例            : 1
作者                       : 38250
组织                 : 


=================================================================
实体处理信息
=================================================================


=================================================================
IGES 文件的精度分析：
=================================================================
  有效位数的最普遍的数:               2
  有效位数的最大数:                      4
  有效位数的平均数:                1.93514
  与原点的最大距离:                          1810.31
  与原点的最小距离:                          100.881
  有效位数的有效数:              3.95155


=================================================================
实体概要
=================================================================
-----------------------------------------------------------------
类型名称                                         记数转换
---- ----                                         ----- ---------
100  Arc                                             36        36
102  Composite curve                                 48        48
110  Line                                            84        84
120  Surface of revolution                           12        12
124  Transformation matrix                           32        32
126  Rational B-spline curve                         99        99
128  Rational B-spline surface                       11        11
142  Curve on a parametric surface                   24        24
144  Trimmed parametric surface                      23        23
314  Color definition                                 1         1
_________________________________________________________________


=================================================================
结果概要
=================================================================
SolidWorks 特征类型                记数
-----------------------                -----
实体特征                       1
曲面特征                     0
曲线/草图特征                0
--------------------------------------------
开始时间: 星期六, 七月 25, 2020 15:07:44
结束时间: 星期六, 七月 25, 2020 15:07:46
处理时间: 0 days, 00 hours, 00 mins, 02 secs
